Skipping image OS validation for hb__books-interest-playwright: docker inspect returned 1
Running command: mkdir -p /opt && if ! python3 -c "import ensurepip" 2>/dev/null; then  apt-get update -qq && apt-get install -y python3-venv; fi
Command outputs captured
Running command: mkdir -p /opt/openhands-sdk-venv && chown root:root /opt/openhands-sdk-venv
Command outputs captured
Running command: set -euo pipefail; python3 -m venv /opt/openhands-sdk-venv && source /opt/openhands-sdk-venv/bin/activate && export PIP_DEFAULT_TIMEOUT=120 && pip install --upgrade pip || true && pip install openhands-sdk openhands-tools fastapi
Command outputs captured
Running command: /opt/openhands-sdk-venv/bin/python /installed-agent/run_agent.py     --instruction='# Simulated person: 0042 (schema 1.0)
## Demographics
- Age: 34
- Gender: female
- Location: Shanghai, CN
- Occupation: Product Manager
- Education: Master'"'"'s
- Income: upper-middle
- Life stage: early career parent
- Background: East Asian urban professional

## Psychology
- Big Five: openness=0.72, conscientiousness=0.85, extraversion=0.45, agreeableness=0.6, neuroticism=0.35
- Risk tolerance: low
- Openness to new tools: moderate
- Patience: high
- Skepticism: high
- Motivation: efficiency, family security
- Values: pragmatism, quality over price

## Communication
- Tone: warm but professional
- Verbosity: low
- Formality: semi-formal
- Language: native
- Technical fluency: moderate
- Attention span: short
- Learning style: example-driven

## Preferences
- Hobbies: hiking, podcasts
- Brands: Apple, Patagonia
- Price sensitivity: high
- Aesthetic: minimalist


Stay in character according to all of the above.

---

## Task instruction
# Bookshop browsing (Playwright + live web)

Browse the public book catalog at:

https://books.toscrape.com/

Use **Playwright** (Python API) to open the site in Chromium, explore the catalog as yourself, and pick one book you would genuinely consider buying.

Write your choice to `/app/output/book_interest.json`:

```json
{
  "title": "<book title exactly as shown on the site>",
  "price_gbp": "<price string as shown, e.g. £51.77>",
  "interested": true,
  "reason": "<string explaining your choice as yourself>"
}
```

`interested` must be `true` or `false`. Use Playwright to read titles and prices from the rendered page — do not invent values.

No login or purchase is required.

**Suggested agent:** `persona-openhands-sdk` (terminal + Python). See `docs/applications/web-interaction.md`.'     --logs-dir="$AGENT_LOGS_DIR"     --trajectory-path="$TRAJECTORY_PATH"     2>&1 | stdbuf -oL tee /logs/agent/openhands_sdk.txt
Command outputs captured
Collecting main service artifacts
